.next/types/app/layout.ts(2,24): error TS2307: Cannot find module '../../../app/layout.js' or its corresponding type declarations.
.next/types/app/layout.ts(5,29): error TS2307: Cannot find module '../../../app/layout.js' or its corresponding type declarations.
.next/types/app/page.ts(2,24): error TS2307: Cannot find module '../../../app/page.js' or its corresponding type declarations.
.next/types/app/page.ts(5,29): error TS2307: Cannot find module '../../../app/page.js' or its corresponding type declarations.
app/[lng]/blog/page.tsx(101,20): error TS2741: Property 'lng' is missing in type '{ key: string; post: { id: string; title: string; slug: string; content: Json; excerpt: string | null; type: "blog" | "news"; status: "draft" | "published"; featured_image: string | null; author_name: string | null; published_at: string | null; created_at: string; updated_at: string; }; view: "list" | "grid"; }' but required in type 'PostCardProps'.
app/[lng]/news/page.tsx(101,20): error TS2741: Property 'lng' is missing in type '{ key: string; post: { id: string; title: string; slug: string; content: Json; excerpt: string | null; type: "blog" | "news"; status: "draft" | "published"; featured_image: string | null; author_name: string | null; published_at: string | null; created_at: string; updated_at: string; }; view: "list" | "grid"; }' but required in type 'PostCardProps'.
